<?xml version="1.0" encoding="UTF-8"?>
<testsuite xmlns:xsi="http://www.w3.org/2001/XMLSchema-instance" xsi:noNamespaceSchemaLocation="https://maven.apache.org/surefire/maven-surefire-plugin/xsd/surefire-test-report.xsd" name="runner.TestRunner" time="0.264" tests="3" errors="0" skipped="3" failures="0">
  <properties>
[...]
</properties>
  <testcase name="Ingresar datos de usuario" classname="Quiero validar el login" time="0">
    <skipped message="The step &quot;Abrir Chrome&quot; is undefined"/>
    <system-out><![CDATA[Feature: Quiero validar el login

  Scenario: Ingresar datos de usuario        &amp#27;[90m# src/test/java/features/test.feature:2&amp#27;[0m
    &amp#27;[33mGiven &amp#27;[0m&amp#27;[33mAbrir Chrome&amp#27;[0m                       &amp#27;[90m# null&amp#27;[0m
    &amp#27;[33mWhen &amp#27;[0m&amp#27;[33mIngresa Username "1" y Password "1"&amp#27;[0m &amp#27;[90m# null&amp#27;[0m
    &amp#27;[33mThen &amp#27;[0m&amp#27;[33mInicia sesion&amp#27;[0m                       &amp#27;[90m# null&amp#27;[0m
]]></system-out>
  </testcase>
  <testcase name="Ingresar datos de usuario" classname="Quiero validar el login" time="0">
    <skipped message="The step &quot;Ingresa Username &quot;1&quot; y Password &quot;1&quot;&quot; is undefined"/>
  </testcase>
  <testcase name="Ingresar datos de usuario" classname="Quiero validar el login" time="0">
    <skipped message="The step &quot;Inicia sesion&quot; is undefined"/>
  </testcase>
</testsuite>